[INFO ]2022-09-254 18:09:56.385[main]LoggerLoad-infoSG
[WARN ]2022-09-254 18:09:56.389[main]LoggerLoad-warnSG
[ERROR]2022-09-254 18:09:56.391[main]LoggerLoad-errorSG
[FATAL]2022-09-254 18:09:56.391[main]LoggerLoad-fatalSG
[INFO ]2022-09-254 18:10:54.003[main]LoggerLoad-infoSG
[WARN ]2022-09-254 18:10:54.009[main]LoggerLoad-warnSG
[ERROR]2022-09-254 18:10:54.010[main]LoggerLoad-errorSG
[INFO ]2022-09-11 18:13:28.752[main]LoggerLoad-infoSG
[WARN ]2022-09-11 18:13:28.759[main]LoggerLoad-warnSG
[ERROR]2022-09-11 18:13:28.761[main]LoggerLoad-errorSG
[INFO ]2022-09-254 20:57:54.426[main]LoggerLoad-infoSG
[WARN ]2022-09-254 20:57:54.432[main]LoggerLoad-warnSG
[ERROR]2022-09-254 20:57:54.432[main]LoggerLoad-errorSG
[INFO ]2022-09-11 21:01:09.705[main]LoggerLoad-<-------Testing Info-------->
[WARN ]2022-09-11 21:01:09.710[main]LoggerLoad-<--------Testing Warn-------
[ERROR]2022-09-11 21:01:09.710[main]LoggerLoad-<--------Testing error-------->
[INFO ]2022-09-13 15:32:41.782[main]LoggerLoad-<-------Testing Info-------->
[WARN ]2022-09-13 15:32:41.787[main]LoggerLoad-<--------Testing Warn-------
[ERROR]2022-09-13 15:32:41.788[main]LoggerLoad-<--------Testing error-------->
[INFO ]2022-11-18 12:06:28.790[main]LoggerLoad-<-------Testing Info-------->
[WARN ]2022-11-18 12:06:28.791[main]LoggerLoad-<--------Testing Warn-------
[ERROR]2022-11-18 12:06:28.792[main]LoggerLoad-<--------Testing error-------->
